<?xml version="1.0" encoding="UTF-8"?>
<testsuite name="com.example.usermanagement.UserResourceTest" tests="5" skipped="0" failures="0" errors="0" timestamp="2025-07-07T21:23:01" hostname="glebmish-PC" time="0.002">
  <properties/>
  <testcase name="testUserGettersAndSetters" classname="com.example.usermanagement.UserResourceTest" time="0.002"/>
  <testcase name="testUserConstructorWithParameters" classname="com.example.usermanagement.UserResourceTest" time="0.0"/>
  <testcase name="testUserDefaultConstructor" classname="com.example.usermanagement.UserResourceTest" time="0.0"/>
  <testcase name="testUserPrincipalName" classname="com.example.usermanagement.UserResourceTest" time="0.0"/>
  <testcase name="testUserCreation" classname="com.example.usermanagement.UserResourceTest" time="0.0"/>
  <system-out><![CDATA[]]></system-out>
  <system-err><![CDATA[]]></system-err>
</testsuite>
